<?xml version="1.0" encoding="UTF-8"?>
<!-- Generated by org.testng.reporters.JUnitXMLReporter -->
<testsuite hostname="DESKTOP-JQ0LRFT" ignored="2" tests="0" failures="0" timestamp="2020-04-08T18:27:50 EDT" time="0.016" errors="0">
  <testcase name="creditCardValidation" time="0.0" classname="allTest.HomePageTest">
    <ignored/>
  </testcase> <!-- creditCardValidation -->
  <testcase name="titleValidation" time="0.0" classname="allTest.HomePageTest">
    <ignored/>
  </testcase> <!-- titleValidation -->
</testsuite>
