<?xml version="1.0" encoding="UTF-8"?>
<testng-results skipped="0" failed="0" ignored="0" total="3" passed="3">
  <reporter-output>
  </reporter-output>
  <suite name="Default suite" duration-ms="113" started-at="2020-04-05T13:25:59 EDT" finished-at="2020-04-05T13:26:00 EDT">
    <groups>
    </groups>
    <test name="Default test" duration-ms="113" started-at="2020-04-05T13:25:59 EDT" finished-at="2020-04-05T13:26:00 EDT">
      <class name="allTest.DependsOn">
        <test-method status="PASS" signature="test1()[pri:0, instance:allTest.DependsOn@1d8d30f7]" name="test1" duration-ms="44" started-at="2020-04-05T13:25:59 EDT" finished-at="2020-04-05T13:25:59 EDT">
          <reporter-output>
          </reporter-output>
        </test-method> <!-- test1 -->
        <test-method status="PASS" signature="test2()[pri:0, instance:allTest.DependsOn@1d8d30f7]" name="test2" duration-ms="1" started-at="2020-04-05T13:26:00 EDT" depends-on-methods="allTest.DependsOn.test1" finished-at="2020-04-05T13:26:00 EDT">
          <reporter-output>
          </reporter-output>
        </test-method> <!-- test2 -->
        <test-method status="PASS" signature="test3()[pri:0, instance:allTest.DependsOn@1d8d30f7]" name="test3" duration-ms="4" started-at="2020-04-05T13:26:00 EDT" depends-on-methods="allTest.DependsOn.test2, allTest.DependsOn.test1" finished-at="2020-04-05T13:26:00 EDT">
          <reporter-output>
          </reporter-output>
        </test-method> <!-- test3 -->
      </class> <!-- allTest.DependsOn -->
    </test> <!-- Default test -->
  </suite> <!-- Default suite -->
</testng-results>
